# JRE version: OpenJDK Runtime Environment Temurin-21.0.4+7 (21.0.4+7) (build 21.0.4+7-LTS)
# Java VM: OpenJDK 64-Bit Server VM Temurin-21.0.4+7 (21.0.4+7-LTS, mixed mode, sharing, tiered, compressed oops, compressed class ptrs, g1 gc, windows-amd64)
GC Precious Log:
 CardTable entry size: 512
 Card Set container configuration: InlinePtr #cards 5 size 8 Array Of Cards #cards 12 size 40 Howl #buckets 4 coarsen threshold 1843 Howl Bitmap #cards 512 size 80 coarsen threshold 460 Card regions per heap region 1 cards per card region 2048
 CPUs: 4 total, 4 available
 Memory: 6020M
 Large Page Support: Disabled
 NUMA Support: Disabled
 Compressed Oops: Enabled (32-bit)
 Heap Region Size: 1M
 Heap Min Capacity: 8M
 Heap Initial Capacity: 96M
 Heap Max Capacity: 1506M
 Pre-touch: Disabled
 Parallel Workers: 4
 Concurrent Workers: 1
 Concurrent Refinement Workers: 4
 Periodic GC: Disabled
Heap:
 garbage-first heap   total 166912K, used 73172K [0x00000000a1e00000, 0x0000000100000000)
  region size 1024K, 14 young (14336K), 4 survivors (4096K)
 Metaspace       used 36808K, committed 37312K, reserved 1114112K
  class space    used 5145K, committed 5376K, reserved 1048576K
GC Heap History (20 events):
Event: 13.565 GC heap before
{Heap before GC invocations=24 (full 0):
 garbage-first heap   total 122880K, used 107130K [0x00000000a1e00000, 0x0000000100000000)
  region size 1024K, 62 young (63488K), 9 survivors (9216K)
 Metaspace       used 35073K, committed 35584K, reserved 1114112K
  class space    used 5018K, committed 5248K, reserved 1048576K
}
Event: 13.587 GC heap after
{Heap after GC invocations=25 (full 0):
 garbage-first heap   total 125952K, used 62464K [0x00000000a1e00000, 0x0000000100000000)
  region size 1024K, 8 young (8192K), 8 survivors (8192K)
 Metaspace       used 35073K, committed 35584K, reserved 1114112K
  class space    used 5018K, committed 5248K, reserved 1048576K
}
Event: 14.098 GC heap before
{Heap before GC invocations=25 (full 0):
 garbage-first heap   total 125952K, used 108544K [0x00000000a1e00000, 0x0000000100000000)
  region size 1024K, 54 young (55296K), 8 survivors (8192K)
 Metaspace       used 35094K, committed 35584K, reserved 1114112K
  class space    used 5018K, committed 5248K, reserved 1048576K
}
Event: 14.108 GC heap after
{Heap after GC invocations=26 (full 0):
 garbage-first heap   total 125952K, used 65346K [0x00000000a1e00000, 0x0000000100000000)
  region size 1024K, 2 young (2048K), 2 survivors (2048K)
 Metaspace       used 35094K, committed 35584K, reserved 1114112K
  class space    used 5018K, committed 5248K, reserved 1048576K
}
Event: 14.411 GC heap before
{Heap before GC invocations=26 (full 0):
 garbage-first heap   total 125952K, used 111426K [0x00000000a1e00000, 0x0000000100000000)
  region size 1024K, 48 young (49152K), 2 survivors (2048K)
 Metaspace       used 35096K, committed 35584K, reserved 1114112K
  class space    used 5018K, committed 5248K, reserved 1048576K
}
Event: 14.414 GC heap after
{Heap after GC invocations=27 (full 0):
 garbage-first heap   total 155648K, used 66361K [0x00000000a1e00000, 0x0000000100000000)
  region size 1024K, 3 young (3072K), 3 survivors (3072K)
 Metaspace       used 35096K, committed 35584K, reserved 1114112K
  class space    used 5018K, committed 5248K, reserved 1048576K
}
Event: 14.682 GC heap before
{Heap before GC invocations=28 (full 0):
 garbage-first heap   total 155648K, used 134969K [0x00000000a1e00000, 0x0000000100000000)
  region size 1024K, 72 young (73728K), 3 survivors (3072K)
 Metaspace       used 35096K, committed 35584K, reserved 1114112K
  class space    used 5018K, committed 5248K, reserved 1048576K
}
Event: 14.686 GC heap after
{Heap after GC invocations=29 (full 0):
 garbage-first heap   total 155648K, used 66774K [0x00000000a1e00000, 0x0000000100000000)
  region size 1024K, 5 young (5120K), 5 survivors (5120K)
 Metaspace       used 35096K, committed 35584K, reserved 1114112K
  class space    used 5018K, committed 5248K, reserved 1048576K
}
Event: 14.788 GC heap before
{Heap before GC invocations=29 (full 0):
 garbage-first heap   total 155648K, used 139478K [0x00000000a1e00000, 0x0000000100000000)
  region size 1024K, 77 young (78848K), 5 survivors (5120K)
 Metaspace       used 35101K, committed 35584K, reserved 1114112K
  class space    used 5018K, committed 5248K, reserved 1048576K
}
Event: 14.794 GC heap after
{Heap after GC invocations=30 (full 0):
 garbage-first heap   total 155648K, used 54589K [0x00000000a1e00000, 0x0000000100000000)
  region size 1024K, 7 young (7168K), 7 survivors (7168K)
 Metaspace       used 35101K, committed 35584K, reserved 1114112K
  class space    used 5018K, committed 5248K, reserved 1048576K
}
Event: 14.935 GC heap before
{Heap before GC invocations=30 (full 0):
 garbage-first heap   total 155648K, used 137533K [0x00000000a1e00000, 0x0000000100000000)
  region size 1024K, 89 young (91136K), 7 survivors (7168K)
 Metaspace       used 35101K, committed 35584K, reserved 1114112K
  class space    used 5018K, committed 5248K, reserved 1048576K
}
Event: 14.941 GC heap after
{Heap after GC invocations=31 (full 0):
 garbage-first heap   total 155648K, used 57393K [0x00000000a1e00000, 0x0000000100000000)
  region size 1024K, 9 young (9216K), 9 survivors (9216K)
 Metaspace       used 35101K, committed 35584K, reserved 1114112K
  class space    used 5018K, committed 5248K, reserved 1048576K
}
Event: 15.263 GC heap before
{Heap before GC invocations=31 (full 0):
 garbage-first heap   total 155648K, used 135217K [0x00000000a1e00000, 0x0000000100000000)
  region size 1024K, 86 young (88064K), 9 survivors (9216K)
 Metaspace       used 35109K, committed 35584K, reserved 1114112K
  class space    used 5018K, committed 5248K, reserved 1048576K
}
Event: 15.276 GC heap after
{Heap after GC invocations=32 (full 0):
 garbage-first heap   total 155648K, used 59622K [0x00000000a1e00000, 0x0000000100000000)
  region size 1024K, 8 young (8192K), 8 survivors (8192K)
 Metaspace       used 35109K, committed 35584K, reserved 1114112K
  class space    used 5018K, committed 5248K, reserved 1048576K
}
Event: 16.173 GC heap before
{Heap before GC invocations=33 (full 0):
 garbage-first heap   total 155648K, used 136422K [0x00000000a1e00000, 0x0000000100000000)
  region size 1024K, 84 young (86016K), 8 survivors (8192K)
 Metaspace       used 35387K, committed 35840K, reserved 1114112K
  class space    used 5032K, committed 5248K, reserved 1048576K
}
Event: 16.186 GC heap after
{Heap after GC invocations=34 (full 0):
 garbage-first heap   total 155648K, used 59514K [0x00000000a1e00000, 0x0000000100000000)
  region size 1024K, 7 young (7168K), 7 survivors (7168K)
 Metaspace       used 35387K, committed 35840K, reserved 1114112K
  class space    used 5032K, committed 5248K, reserved 1048576K
}
Event: 24.013 GC heap before
{Heap before GC invocations=34 (full 0):
 garbage-first heap   total 155648K, used 153722K [0x00000000a1e00000, 0x0000000100000000)
  region size 1024K, 46 young (47104K), 7 survivors (7168K)
 Metaspace       used 36042K, committed 36544K, reserved 1114112K
  class space    used 5101K, committed 5312K, reserved 1048576K
}
Event: 24.038 GC heap after
{Heap after GC invocations=35 (full 0):
 garbage-first heap   total 166912K, used 60505K [0x00000000a1e00000, 0x0000000100000000)
  region size 1024K, 9 young (9216K), 9 survivors (9216K)
 Metaspace       used 36042K, committed 36544K, reserved 1114112K
  class space    used 5101K, committed 5312K, reserved 1048576K
}
Event: 28.593 GC heap before
{Heap before GC invocations=35 (full 0):
 garbage-first heap   total 166912K, used 62553K [0x00000000a1e00000, 0x0000000100000000)
  region size 1024K, 12 young (12288K), 9 survivors (9216K)
 Metaspace       used 36561K, committed 37056K, reserved 1114112K
  class space    used 5138K, committed 5376K, reserved 1048576K
}
Event: 28.602 GC heap after
{Heap after GC invocations=36 (full 0):
 garbage-first heap   total 166912K, used 60884K [0x00000000a1e00000, 0x0000000100000000)
  region size 1024K, 4 young (4096K), 4 survivors (4096K)
 Metaspace       used 36561K, committed 37056K, reserved 1114112K
  class space    used 5138K, committed 5376K, reserved 1048576K
}

